SF:lib/models/otp_account.dart
DA:6,4
DA:12,2
DA:13,2
DA:14,2
DA:15,2
DA:16,2
DA:20,2
DA:21,2
DA:22,2
DA:23,2
DA:24,2
DA:28,1
DA:29,4
DA:33,2
DA:34,1
DA:42,3
DA:44,1
DA:45,1
DA:46,1
DA:47,1
DA:50,2
DA:54,2
DA:55,2
DA:58,1
DA:65,1
DA:66,3
DA:68,1
DA:71,1
DA:72,3
DA:73,3
DA:74,3
DA:77,1
DA:78,4
LF:33
LH:33
end_of_record
SF:lib/services/storage_service.dart
DA:10,1
DA:11,1
DA:12,1
DA:13,4
DA:15,1
DA:18,1
DA:19,1
DA:20,1
DA:22,1
DA:24,1
DA:25,4
DA:28,1
DA:30,1
DA:31,1
DA:34,1
DA:35,1
DA:36,2
DA:39,0
DA:40,0
LF:19
LH:17
end_of_record
SF:lib/services/clipboard_service.dart
DA:8,2
DA:11,0
DA:12,0
DA:13,0
DA:14,0
DA:16,0
DA:19,0
DA:21,0
DA:27,4
DA:32,2
DA:33,4
LF:11
LH:4
end_of_record
SF:lib/services/localization_service.dart
DA:10,7
DA:14,7
DA:17,7
DA:19,0
DA:24,14
DA:28,2
DA:30,4
DA:32,0
DA:33,0
DA:37,1
DA:38,1
DA:39,1
DA:44,1
DA:46,1
DA:47,4
DA:48,1
DA:49,3
DA:50,2
DA:53,0
DA:54,0
DA:56,0
DA:57,0
DA:58,0
DA:59,0
DA:65,1
DA:66,2
DA:69,2
DA:70,2
DA:79,1
DA:81,1
DA:83,3
DA:86,1
DA:88,1
DA:91,1
LF:34
LH:25
end_of_record
SF:lib/services/otp_service.dart
DA:7,2
DA:10,6
DA:11,2
DA:12,4
DA:13,4
DA:14,12
DA:15,4
DA:16,6
DA:17,4
DA:19,6
DA:20,4
DA:21,2
DA:22,4
DA:27,0
DA:29,0
DA:33,2
DA:34,2
DA:35,4
DA:36,4
DA:37,2
DA:42,1
DA:44,1
DA:45,2
DA:46,4
DA:54,2
DA:58,2
DA:60,2
DA:64,6
DA:65,6
DA:66,4
DA:67,4
DA:68,2
DA:69,2
DA:70,8
DA:71,2
LF:35
LH:33
end_of_record
SF:lib/services/language_service.dart
DA:7,3
DA:15,1
DA:16,1
DA:17,1
DA:18,1
DA:21,1
DA:22,1
DA:23,2
LF:8
LH:8
end_of_record
SF:lib/widgets/press_animation_widget.dart
DA:8,3
DA:15,2
DA:16,2
DA:26,2
DA:28,2
DA:30,2
DA:31,4
DA:35,6
DA:36,4
DA:40,2
DA:42,4
DA:43,2
DA:46,2
DA:47,4
DA:50,2
DA:51,4
DA:54,1
DA:55,2
DA:58,2
DA:60,2
DA:61,2
DA:62,2
DA:63,2
DA:64,4
DA:65,4
DA:66,2
DA:67,2
DA:68,4
DA:69,4
DA:72,4
LF:30
LH:30
end_of_record
SF:lib/widgets/custom_about_dialog.dart
DA:5,1
DA:7,1
DA:9,1
DA:10,2
DA:12,1
DA:13,1
DA:14,1
DA:16,1
DA:17,1
DA:19,1
DA:21,1
DA:22,1
DA:23,1
DA:24,2
DA:29,1
DA:30,2
DA:31,1
DA:34,1
DA:35,1
DA:36,2
DA:37,1
DA:42,1
DA:44,2
DA:45,1
DA:54,1
DA:56,1
DA:57,1
DA:58,1
DA:60,1
DA:61,1
DA:62,2
DA:63,1
DA:69,1
DA:70,3
DA:71,2
LF:35
LH:35
end_of_record
SF:lib/widgets/empty_state_widget.dart
DA:7,1
DA:12,1
DA:14,1
DA:16,1
DA:17,1
DA:19,1
DA:21,1
DA:22,1
DA:23,1
DA:31,1
DA:32,1
DA:34,2
LF:12
LH:12
end_of_record
SF:lib/widgets/copy_animated_text.dart
DA:8,2
DA:14,2
DA:15,2
DA:21,2
DA:22,2
DA:25,2
DA:26,6
DA:27,6
DA:28,3
DA:29,1
DA:30,3
DA:35,2
DA:37,4
DA:38,2
DA:40,2
DA:42,2
DA:43,2
DA:45,2
DA:47,2
DA:48,8
DA:49,4
DA:50,4
LF:22
LH:22
end_of_record
SF:lib/widgets/service_icon.dart
DA:9,2
DA:61,2
DA:62,4
DA:63,2
DA:69,2
DA:71,2
DA:72,2
DA:73,2
DA:74,2
DA:75,2
DA:76,2
DA:77,2
DA:78,2
DA:79,8
LF:14
LH:14
end_of_record
SF:lib/widgets/otp_card.dart
DA:21,1
DA:30,1
DA:31,1
DA:40,1
DA:42,1
DA:43,1
DA:44,1
DA:47,1
DA:49,2
DA:50,1
DA:53,1
DA:54,2
DA:55,0
DA:56,0
DA:57,0
DA:58,0
DA:64,1
DA:65,4
DA:66,2
DA:67,3
DA:68,2
DA:72,1
DA:73,3
DA:76,1
DA:77,2
DA:78,3
DA:81,0
DA:82,0
DA:83,0
DA:85,0
DA:86,0
DA:87,0
DA:88,0
DA:89,0
DA:90,0
DA:91,0
DA:93,0
DA:94,0
DA:95,0
DA:96,0
DA:98,0
DA:105,0
DA:107,0
DA:109,0
DA:110,0
DA:111,0
DA:114,0
DA:117,0
DA:118,0
DA:119,0
DA:120,0
DA:121,0
DA:122,0
DA:126,1
DA:128,2
DA:131,1
DA:132,1
DA:133,0
DA:134,1
DA:136,1
DA:138,1
DA:140,1
DA:141,2
DA:142,1
DA:146,1
DA:147,3
DA:150,1
DA:151,1
DA:152,1
DA:154,1
DA:155,1
DA:156,1
DA:157,1
DA:158,1
DA:161,1
DA:162,7
DA:163,2
DA:164,1
DA:171,1
DA:172,1
DA:173,1
LF:81
LH:49
end_of_record
SF:lib/widgets/account_options_menu.dart
DA:14,2
DA:25,2
DA:27,2
DA:29,2
DA:31,2
DA:32,2
DA:34,2
DA:35,2
DA:36,2
DA:37,4
DA:40,2
DA:42,2
DA:43,2
DA:44,2
DA:45,6
DA:48,2
DA:49,2
DA:50,4
DA:51,2
DA:52,2
DA:53,6
DA:56,2
DA:58,2
DA:59,2
DA:60,2
DA:61,6
DA:68,2
DA:73,2
DA:74,2
DA:75,2
DA:81,2
DA:91,2
DA:94,2
DA:95,2
DA:96,2
DA:107,4
LF:36
LH:36
end_of_record
SF:lib/widgets/otp_countdown_timer.dart
DA:6,1
DA:11,1
DA:12,1
DA:14,0
DA:20,1
DA:22,2
DA:23,2
DA:25,1
DA:28,1
DA:30,1
DA:31,1
DA:34,1
DA:35,1
DA:36,2
DA:39,1
DA:40,2
DA:41,2
LF:17
LH:16
end_of_record
SF:lib/widgets/qr_scanner.dart
DA:11,1
DA:13,1
DA:14,1
DA:21,1
DA:23,1
DA:26,1
DA:27,1
DA:28,1
DA:29,2
DA:31,1
DA:32,1
DA:34,1
DA:35,1
DA:36,0
DA:38,1
DA:39,1
DA:40,2
DA:42,1
DA:43,1
DA:45,1
DA:46,1
DA:58,0
DA:59,0
DA:60,0
DA:62,0
DA:63,0
DA:64,0
DA:65,0
DA:66,0
DA:67,0
DA:68,0
DA:77,0
DA:78,0
DA:80,0
DA:81,0
DA:86,0
DA:90,0
DA:92,0
DA:96,0
DA:99,0
DA:101,0
DA:102,0
DA:104,0
DA:105,0
DA:106,0
DA:110,0
DA:111,0
DA:112,0
DA:115,0
DA:118,0
DA:120,0
DA:121,0
DA:122,0
DA:125,0
DA:128,0
DA:132,0
DA:133,0
DA:134,0
DA:135,0
DA:136,0
DA:137,0
DA:143,0
DA:144,0
DA:145,0
LF:64
LH:20
end_of_record
