SF:lib/main.dart
DA:4,0
DA:5,0
DA:9,2
DA:11,1
DA:13,1
DA:15,1
DA:16,1
LF:7
LH:5
end_of_record
SF:lib/models/otp_account.dart
DA:6,1
DA:9,0
DA:10,0
DA:11,0
DA:12,0
DA:13,0
DA:18,0
DA:19,0
DA:20,0
DA:21,0
DA:22,0
DA:27,0
DA:28,0
DA:29,0
DA:31,0
DA:32,0
DA:33,0
DA:35,0
LF:18
LH:1
end_of_record
SF:lib/screens/home_screen.dart
DA:10,1
DA:12,1
DA:13,1
DA:20,1
DA:22,1
DA:23,1
DA:26,1
DA:27,1
DA:28,0
DA:29,0
DA:30,0
DA:31,0
DA:32,0
DA:36,0
DA:37,0
DA:38,0
DA:39,0
DA:40,0
DA:42,0
DA:46,0
DA:47,0
DA:48,0
DA:51,0
DA:52,0
DA:53,0
DA:54,0
DA:56,0
DA:57,0
DA:58,0
DA:59,0
DA:63,0
DA:66,0
DA:67,0
DA:68,0
DA:69,0
DA:71,0
DA:72,0
DA:73,0
DA:77,0
DA:81,0
DA:82,0
DA:83,0
DA:84,0
DA:85,0
DA:86,0
DA:89,0
DA:90,0
DA:91,0
DA:94,0
DA:96,0
DA:99,1
DA:101,1
DA:102,1
DA:104,1
DA:105,1
DA:107,1
DA:109,1
DA:111,1
DA:117,1
DA:119,1
DA:121,0
DA:122,0
DA:124,0
DA:126,0
DA:127,0
DA:128,0
DA:130,0
DA:134,1
DA:142,1
DA:143,2
DA:144,0
DA:145,0
DA:146,0
DA:147,0
DA:148,0
DA:149,0
DA:150,0
LF:77
LH:21
end_of_record
SF:lib/screens/add_account_screen.dart
DA:6,2
DA:8,1
DA:9,1
DA:18,1
DA:20,1
DA:21,1
DA:24,1
DA:25,1
DA:26,1
DA:28,1
DA:30,1
DA:31,1
DA:32,1
DA:37,0
DA:38,0
DA:45,1
DA:46,1
DA:51,0
DA:52,0
DA:59,1
DA:60,1
DA:65,0
DA:66,0
DA:73,1
DA:74,1
DA:79,1
DA:80,0
DA:81,0
DA:82,0
DA:84,0
DA:85,0
DA:86,0
DA:87,0
DA:101,0
DA:102,0
DA:104,0
DA:105,0
DA:106,0
DA:107,0
DA:113,0
DA:114,0
DA:115,0
DA:116,0
DA:117,0
DA:118,0
DA:123,0
DA:126,0
DA:127,0
DA:128,0
DA:133,1
DA:135,2
DA:136,2
DA:137,2
DA:138,1
LF:54
LH:25
end_of_record
SF:lib/widgets/otp_card.dart
DA:14,1
DA:23,1
DA:24,1
DA:32,1
DA:34,1
DA:35,2
DA:39,1
DA:42,1
DA:44,2
DA:45,1
DA:48,1
DA:49,4
DA:50,2
DA:51,3
DA:52,2
DA:54,4
DA:55,4
DA:56,2
DA:59,1
DA:60,3
DA:63,1
DA:64,2
DA:66,2
DA:72,0
DA:73,0
DA:74,0
DA:79,1
DA:80,4
DA:81,1
DA:83,1
DA:85,1
DA:87,1
DA:89,1
DA:91,1
DA:93,1
DA:95,1
DA:97,1
DA:99,1
DA:101,1
DA:103,1
DA:105,1
DA:112,0
DA:113,0
DA:115,0
DA:117,0
DA:118,0
DA:119,0
DA:121,0
DA:122,0
DA:124,0
DA:128,0
DA:129,0
DA:130,0
DA:134,0
DA:136,0
DA:140,0
DA:141,0
DA:142,0
DA:146,0
DA:148,0
DA:149,0
DA:150,0
DA:152,0
DA:153,0
DA:154,0
DA:158,0
DA:160,0
DA:164,0
DA:165,0
DA:166,0
DA:171,0
DA:176,1
DA:178,2
DA:181,1
DA:183,1
DA:184,1
DA:185,0
DA:186,1
DA:187,1
DA:189,1
DA:191,1
DA:192,2
DA:193,0
DA:197,2
DA:198,1
DA:199,1
DA:200,1
DA:202,1
DA:203,1
DA:204,1
DA:205,2
DA:211,1
DA:212,7
DA:213,2
DA:214,1
DA:221,1
DA:222,1
DA:225,1
DA:227,1
DA:228,1
DA:229,1
DA:230,1
DA:231,1
DA:232,1
DA:233,2
DA:235,1
DA:236,2
DA:238,5
DA:242,1
DA:243,2
DA:244,2
LF:111
LH:76
end_of_record
SF:lib/widgets/qr_scanner.dart
DA:10,1
DA:12,0
DA:13,0
DA:20,0
DA:23,0
DA:24,0
DA:25,0
DA:28,0
DA:29,0
DA:31,0
DA:32,0
DA:33,0
DA:35,0
DA:36,0
DA:39,0
DA:40,0
DA:55,0
DA:56,0
DA:59,0
DA:60,0
DA:61,0
DA:62,0
DA:63,0
DA:64,0
DA:65,0
DA:74,0
DA:75,0
DA:76,0
DA:81,0
DA:85,0
DA:87,0
DA:91,0
DA:94,0
DA:96,0
DA:97,0
DA:99,0
DA:100,0
DA:101,0
DA:105,0
DA:106,0
DA:107,0
DA:110,0
DA:113,0
DA:115,0
DA:116,0
DA:117,0
DA:120,0
DA:123,0
DA:127,0
DA:128,0
DA:129,0
DA:133,0
DA:134,0
DA:135,0
LF:54
LH:1
end_of_record
SF:lib/services/otp_service.dart
DA:6,1
DA:7,3
DA:8,1
DA:9,2
DA:10,2
DA:11,6
DA:12,5
DA:13,2
DA:15,3
DA:16,2
DA:17,1
DA:18,2
DA:23,1
DA:24,1
DA:25,3
DA:29,0
DA:31,0
DA:32,0
DA:40,1
DA:44,1
DA:46,1
DA:50,3
DA:51,3
DA:52,2
DA:53,2
DA:54,1
DA:55,1
DA:56,4
DA:57,1
LF:29
LH:26
end_of_record
SF:lib/services/storage_service.dart
DA:9,0
DA:10,0
DA:11,0
DA:12,0
DA:14,0
DA:17,1
DA:18,1
DA:19,0
DA:21,0
DA:23,0
DA:24,0
DA:27,0
DA:28,0
DA:29,0
DA:32,0
DA:33,0
DA:34,0
LF:17
LH:2
end_of_record
